<?xml version="1.0" encoding="UTF-8"?>
<!-- Generated by org.testng.reporters.JUnitReportReporter -->
<testsuite hostname="DESKTOP-KPQJG6N" failures="0" tests="1" name="testpkg.Storenvytest" time="384.154" errors="0" timestamp="2023-10-30T19:16:26 IST" skipped="0">
  <testcase classname="testpkg.Storenvytest" name="ctest" time="384.154"/>
</testsuite> <!-- testpkg.Storenvytest -->
