<?xml version="1.0" encoding="UTF-8"?>
<!-- Generated by org.testng.reporters.JUnitReportReporter -->
<testsuite hostname="DESKTOP-KPQJG6N" failures="0" tests="1" name="testpkg.Novatest" time="104.733" errors="0" timestamp="2023-10-27T00:03:41 IST" skipped="0">
  <testcase classname="testpkg.Novatest" name="ctest" time="104.733"/>
</testsuite> <!-- testpkg.Novatest -->
