<?xml version="1.0" encoding="UTF-8"?>
<!-- Generated by org.testng.reporters.JUnitReportReporter -->
<testsuite hostname="DESKTOP-KPQJG6N" failures="0" tests="1" name="testpkg.Chewytest" time="25.944" errors="0" timestamp="2023-10-26T22:12:07 IST" skipped="0">
  <testcase classname="testpkg.Chewytest" name="ctest" time="25.944"/>
</testsuite> <!-- testpkg.Chewytest -->
